{
  "RSpec": {
    "coverage": {
      "/Users/bryce.simonds/Desktop/turing/2Module/projects/relational_rails/car_upgrades/config/environment.rb": {
        "lines": [
          null,
          1,
          null,
          null,
          1
        ]
      },
      "/Users/bryce.simonds/Desktop/turing/2Module/projects/relational_rails/car_upgrades/config/application.rb": {
        "lines": [
          1,
          null,
          1,
          null,
          1,
          1,
          1,
          1,
          1,
          1,
          1,
          1,
          1,
          null,
          null,
          null,
          null,
          1,
          null,
          1,
          1,
          null,
          1,
          null,
          null,
          null,
          null,
          null,
          null,
          null,
          1,
          null,
          null
        ]
      },
      "/Users/bryce.simonds/Desktop/turing/2Module/projects/relational_rails/car_upgrades/config/boot.rb": {
        "lines": [
          1,
          null,
          1,
          1
        ]
      },
      "/Users/bryce.simonds/Desktop/turing/2Module/projects/relational_rails/car_upgrades/config/environments/test.rb": {
        "lines": [
          1,
          null,
          null,
          null,
          null,
          null,
          null,
          1,
          null,
          null,
          null,
          null,
          1,
          null,
          null,
          1,
          1,
          null,
          null,
          null,
          null,
          1,
          1,
          null,
          null,
          1,
          null,
          null,
          1,
          null,
          null,
          1,
          null,
          1,
          null,
          null,
          null,
          null,
          1,
          null,
          null,
          1,
          null,
          null,
          null,
          null
        ]
      },
      "/Users/bryce.simonds/Desktop/turing/2Module/projects/relational_rails/car_upgrades/config/initializers/application_controller_renderer.rb": {
        "lines": [
          null,
          null,
          null,
          null,
          null,
          null,
          null,
          null
        ]
      },
      "/Users/bryce.simonds/Desktop/turing/2Module/projects/relational_rails/car_upgrades/config/initializers/assets.rb": {
        "lines": [
          null,
          null,
          null,
          1,
          null,
          null,
          null,
          null,
          1,
          null,
          null,
          null,
          null,
          null
        ]
      },
      "/Users/bryce.simonds/Desktop/turing/2Module/projects/relational_rails/car_upgrades/config/initializers/backtrace_silencers.rb": {
        "lines": [
          null,
          null,
          null,
          null,
          null,
          null,
          null
        ]
      },
      "/Users/bryce.simonds/Desktop/turing/2Module/projects/relational_rails/car_upgrades/config/initializers/content_security_policy.rb": {
        "lines": [
          null,
          null,
          null,
          null,
          null,
          null,
          null,
          null,
          null,
          null,
          null,
          null,
          null,
          null,
          null,
          null,
          null,
          null,
          null,
          null,
          null,
          null,
          null,
          null,
          null
        ]
      },
      "/Users/bryce.simonds/Desktop/turing/2Module/projects/relational_rails/car_upgrades/config/initializers/cookies_serializer.rb": {
        "lines": [
          null,
          null,
          null,
          null,
          1
        ]
      },
      "/Users/bryce.simonds/Desktop/turing/2Module/projects/relational_rails/car_upgrades/config/initializers/filter_parameter_logging.rb": {
        "lines": [
          null,
          null,
          null,
          1
        ]
      },
      "/Users/bryce.simonds/Desktop/turing/2Module/projects/relational_rails/car_upgrades/config/initializers/inflections.rb": {
        "lines": [
          null,
          null,
          null,
          null,
          null,
          null,
          null,
          null,
          null,
          null,
          null,
          null,
          null,
          null,
          null,
          null
        ]
      },
      "/Users/bryce.simonds/Desktop/turing/2Module/projects/relational_rails/car_upgrades/config/initializers/mime_types.rb": {
        "lines": [
          null,
          null,
          null,
          null
        ]
      },
      "/Users/bryce.simonds/Desktop/turing/2Module/projects/relational_rails/car_upgrades/config/initializers/wrap_parameters.rb": {
        "lines": [
          null,
          null,
          null,
          null,
          null,
          null,
          1,
          2,
          null,
          null,
          null,
          null,
          null,
          null
        ]
      },
      "/Users/bryce.simonds/Desktop/turing/2Module/projects/relational_rails/car_upgrades/config/routes.rb": {
        "lines": [
          1,
          null,
          null,
          1,
          1,
          1,
          1,
          1,
          1,
          null,
          1,
          1,
          1,
          1,
          null,
          1,
          1,
          1,
          1,
          null,
          null
        ]
      },
      "/Users/bryce.simonds/Desktop/turing/2Module/projects/relational_rails/car_upgrades/app/helpers/application_helper.rb": {
        "lines": [
          1,
          null
        ]
      },
      "/Users/bryce.simonds/Desktop/turing/2Module/projects/relational_rails/car_upgrades/app/models/car.rb": {
        "lines": [
          1,
          1,
          null,
          1,
          1,
          1,
          1,
          null,
          1,
          0,
          null,
          null,
          null
        ]
      },
      "/Users/bryce.simonds/Desktop/turing/2Module/projects/relational_rails/car_upgrades/app/models/application_record.rb": {
        "lines": [
          1,
          1,
          null
        ]
      },
      "/Users/bryce.simonds/Desktop/turing/2Module/projects/relational_rails/car_upgrades/app/models/upgrade.rb": {
        "lines": [
          1,
          1,
          null,
          1,
          1,
          1,
          null
        ]
      },
      "/Users/bryce.simonds/Desktop/turing/2Module/projects/relational_rails/car_upgrades/app/controllers/car_upgrades_controller.rb": {
        "lines": [
          1,
          1,
          9,
          9,
          0,
          null,
          9,
          null,
          null,
          null,
          1,
          0,
          null,
          null,
          1,
          0,
          0,
          0,
          null,
          null,
          1,
          1,
          0,
          null,
          null
        ]
      },
      "/Users/bryce.simonds/Desktop/turing/2Module/projects/relational_rails/car_upgrades/app/controllers/application_controller.rb": {
        "lines": [
          1,
          null
        ]
      },
      "/Users/bryce.simonds/Desktop/turing/2Module/projects/relational_rails/car_upgrades/app/controllers/upgrades_controller.rb": {
        "lines": [
          1,
          1,
          1,
          null,
          null,
          1,
          0,
          null,
          null,
          1,
          1,
          null,
          null,
          1,
          0,
          0,
          0,
          null,
          null,
          1,
          1,
          0,
          null,
          null
        ]
      },
      "/Users/bryce.simonds/Desktop/turing/2Module/projects/relational_rails/car_upgrades/app/controllers/cars_controller.rb": {
        "lines": [
          1,
          1,
          1,
          null,
          null,
          1,
          0,
          null,
          null,
          1,
          null,
          null,
          null,
          1,
          0,
          0,
          null,
          null,
          1,
          0,
          null,
          null,
          1,
          0,
          0,
          0,
          null,
          null,
          1,
          1,
          0,
          null,
          null
        ]
      }
    },
    "timestamp": 1657591237
  }
}
